<?xml version="1.0" encoding="UTF-8"?>
<!-- Generated by org.testng.reporters.JUnitXMLReporter -->
<testsuite hostname="DESKTOP-LEQJLJ7" ignored="9" name="DemoTest" tests="4" failures="2" timestamp="15 May 2021 08:10:08 GMT" time="63.182" errors="0">
  <testcase name="verifyLoginPageTitle" time="0.181" classname="test_script.LoginTest"/>
  <testcase name="verifyCompanyMenuClick" time="4.999" classname="test_script.DashboardTest"/>
  <testcase name="verifyCompanyPage" time="4.951" classname="test_script.CompanyTest">
    <failure type="org.openqa.selenium.NoSuchElementException" message="no such element: Unable to locate element: {&amp;quot;method&amp;quot;:&amp;quot;css selector&amp;quot;,&amp;quot;selector&amp;quot;:&amp;quot;#company\-company_name&amp;quot;}
  (Session info: chrome=90.0.4430.212)
For documentation on this error, please visit: https://www.seleniumhq.org/exceptions/no_such_element.html
Build info: version: &amp;apos;3.141.59&amp;apos;, revision: &amp;apos;e82be7d358&amp;apos;, time: &amp;apos;2018-11-14T08:17:03&amp;apos;
System info: host: &amp;apos;DESKTOP-LEQJLJ7&amp;apos;, ip: &amp;apos;192.168.43.59&amp;apos;, os.name: &amp;apos;Windows 10&amp;apos;, os.arch: &amp;apos;amd64&amp;apos;, os.version: &amp;apos;10.0&amp;apos;, java.version: &amp;apos;1.8.0_261&amp;apos;
Driver info: org.openqa.selenium.chrome.ChromeDriver
Capabilities {acceptInsecureCerts: false, browserName: chrome, browserVersion: 90.0.4430.212, chrome: {chromedriverVersion: 89.0.4389.23 (61b08ee2c5002..., userDataDir: C:\Users\amal\AppData\Local...}, goog:chromeOptions: {debuggerAddress: localhost:52491}, javascriptEnabled: true, networkConnectionEnabled: false, pageLoadStrategy: normal, platform: WINDOWS, platformName: WINDOWS, proxy: Proxy(), setWindowRect: true, strictFileInteractability: false, timeouts: {implicit: 0, pageLoad: 300000, script: 30000}, unhandledPromptBehavior: dismiss and notify, webauthn:extension:largeBlob: true, webauthn:virtualAuthenticators: true}
Session ID: 7658718e4a0580a2eba17270334db67e
*** Element info: {Using=id, value=company-company_name}">
      <![CDATA[org.openqa.selenium.NoSuchElementException: no such element: Unable to locate element: {"method":"css selector","selector":"#company\-company_name"}
  (Session info: chrome=90.0.4430.212)
For documentation on this error, please visit: https://www.seleniumhq.org/exceptions/no_such_element.html
Build info: version: '3.141.59', revision: 'e82be7d358', time: '2018-11-14T08:17:03'
System info: host: 'DESKTOP-LEQJLJ7', ip: '192.168.43.59', os.name: 'Windows 10', os.arch: 'amd64', os.version: '10.0', java.version: '1.8.0_261'
Driver info: org.openqa.selenium.chrome.ChromeDriver
Capabilities {acceptInsecureCerts: false, browserName: chrome, browserVersion: 90.0.4430.212, chrome: {chromedriverVersion: 89.0.4389.23 (61b08ee2c5002..., userDataDir: C:\Users\amal\AppData\Local...}, goog:chromeOptions: {debuggerAddress: localhost:52491}, javascriptEnabled: true, networkConnectionEnabled: false, pageLoadStrategy: normal, platform: WINDOWS, platformName: WINDOWS, proxy: Proxy(), setWindowRect: true, strictFileInteractability: false, timeouts: {implicit: 0, pageLoad: 300000, script: 30000}, unhandledPromptBehavior: dismiss and notify, webauthn:extension:largeBlob: true, webauthn:virtualAuthenticators: true}
Session ID: 7658718e4a0580a2eba17270334db67e
*** Element info: {Using=id, value=company-company_name}
at org.openqa.selenium.remote.http.W3CHttpResponseCodec.createException(W3CHttpResponseCodec.java:187)
at org.openqa.selenium.remote.http.W3CHttpResponseCodec.decode(W3CHttpResponseCodec.java:122)
at org.openqa.selenium.remote.http.W3CHttpResponseCodec.decode(W3CHttpResponseCodec.java:49)
at org.openqa.selenium.remote.HttpCommandExecutor.execute(HttpCommandExecutor.java:158)
at org.openqa.selenium.remote.service.DriverCommandExecutor.execute(DriverCommandExecutor.java:83)
at org.openqa.selenium.remote.RemoteWebDriver.execute(RemoteWebDriver.java:552)
at org.openqa.selenium.remote.RemoteWebDriver.findElement(RemoteWebDriver.java:323)
at org.openqa.selenium.remote.RemoteWebDriver.findElementById(RemoteWebDriver.java:372)
at org.openqa.selenium.By$ById.findElement(By.java:188)
at org.openqa.selenium.remote.RemoteWebDriver.findElement(RemoteWebDriver.java:315)
at org.openqa.selenium.support.pagefactory.DefaultElementLocator.findElement(DefaultElementLocator.java:69)
at org.openqa.selenium.support.pagefactory.internal.LocatingElementHandler.invoke(LocatingElementHandler.java:38)
at com.sun.proxy.$Proxy9.clear(Unknown Source)
at pages.CompanyPage.enterCompanyName(CompanyPage.java:40)
at test_script.CompanyTest.verifyCompanyPage(CompanyTest.java:35)
at java.util.concurrent.ThreadPoolExecutor.runWorker(ThreadPoolExecutor.java:1149)
at java.util.concurrent.ThreadPoolExecutor$Worker.run(ThreadPoolExecutor.java:624)
at java.lang.Thread.run(Thread.java:748)
... Removed 14 stack frames]]>
    </failure>
  </testcase> <!-- verifyCompanyPage -->
  <testcase name="verifyCompanyPageTitle" time="5.401" classname="test_script.CompanyTest">
    <failure type="java.lang.AssertionError" message="invalid Title expected [Company] but found [Forbidden (#403)]">
      <![CDATA[java.lang.AssertionError: invalid Title expected [Company] but found [Forbidden (#403)]
at test_script.CompanyTest.verifyCompanyPageTitle(CompanyTest.java:25)
at java.util.concurrent.ThreadPoolExecutor.runWorker(ThreadPoolExecutor.java:1149)
at java.util.concurrent.ThreadPoolExecutor$Worker.run(ThreadPoolExecutor.java:624)
at java.lang.Thread.run(Thread.java:748)
... Removed 15 stack frames]]>
    </failure>
  </testcase> <!-- verifyCompanyPageTitle -->
  <testcase name="verifyReportClick" time="0.0" classname="test_script.DashboardTest">
    <ignored/>
  </testcase> <!-- verifyReportClick -->
  <testcase name="verifyTimesheetMenuClick" time="0.0" classname="test_script.DashboardTest">
    <ignored/>
  </testcase> <!-- verifyTimesheetMenuClick -->
  <testcase name="verifyInvoiceClick" time="0.0" classname="test_script.DashboardTest">
    <ignored/>
  </testcase> <!-- verifyInvoiceClick -->
  <testcase name="verifyGeneratePaySlipClick" time="0.0" classname="test_script.DashboardTest">
    <ignored/>
  </testcase> <!-- verifyGeneratePaySlipClick -->
  <testcase name="verifyDeuctionMenuClick" time="0.0" classname="test_script.DashboardTest">
    <ignored/>
  </testcase> <!-- verifyDeuctionMenuClick -->
  <testcase name="verifyLogin" time="0.0" classname="test_script.LoginTest">
    <ignored/>
  </testcase> <!-- verifyLogin -->
  <testcase name="verifypaysliptext" time="0.0" classname="test_script.DashboardTest">
    <ignored/>
  </testcase> <!-- verifypaysliptext -->
  <testcase name="verifyPayrollApplicationText" time="0.0" classname="test_script.DashboardTest">
    <ignored/>
  </testcase> <!-- verifyPayrollApplicationText -->
  <testcase name="verifyPaySlipClick" time="0.0" classname="test_script.DashboardTest">
    <ignored/>
  </testcase> <!-- verifyPaySlipClick -->
</testsuite> <!-- DemoTest -->
