<?xml version="1.0" encoding="UTF-8"?>
<testng-results skipped="0" failed="2" ignored="9" total="13" passed="2">
  <reporter-output>
  </reporter-output>
  <suite name="DemoSuite" duration-ms="63182" started-at="2021-05-15T08:09:05Z" finished-at="2021-05-15T08:10:08Z">
    <groups>
    </groups>
    <test name="DemoTest" duration-ms="63182" started-at="2021-05-15T08:09:05Z" finished-at="2021-05-15T08:10:08Z">
      <class name="test_script.CompanyTest">
        <test-method status="PASS" signature="browserLaunch()[pri:0, instance:test_script.CompanyTest@39c0f4a]" name="browserLaunch" is-config="true" duration-ms="7306" started-at="2021-05-15T08:09:38Z" finished-at="2021-05-15T08:09:46Z">
          <reporter-output>
          </reporter-output>
        </test-method> <!-- browserLaunch -->
        <test-method status="FAIL" signature="verifyCompanyPage()[pri:0, instance:test_script.CompanyTest@39c0f4a]" name="verifyCompanyPage" duration-ms="4951" started-at="2021-05-15T08:09:46Z" finished-at="2021-05-15T08:09:51Z">
          <exception class="org.openqa.selenium.NoSuchElementException">
            <message>
              <![CDATA[no such element: Unable to locate element: {"method":"css selector","selector":"#company\-company_name"}
  (Session info: chrome=90.0.4430.212)
For documentation on this error, please visit: https://www.seleniumhq.org/exceptions/no_such_element.html
Build info: version: '3.141.59', revision: 'e82be7d358', time: '2018-11-14T08:17:03'
System info: host: 'DESKTOP-LEQJLJ7', ip: '192.168.43.59', os.name: 'Windows 10', os.arch: 'amd64', os.version: '10.0', java.version: '1.8.0_261'
Driver info: org.openqa.selenium.chrome.ChromeDriver
Capabilities {acceptInsecureCerts: false, browserName: chrome, browserVersion: 90.0.4430.212, chrome: {chromedriverVersion: 89.0.4389.23 (61b08ee2c5002..., userDataDir: C:\Users\amal\AppData\Local...}, goog:chromeOptions: {debuggerAddress: localhost:52491}, javascriptEnabled: true, networkConnectionEnabled: false, pageLoadStrategy: normal, platform: WINDOWS, platformName: WINDOWS, proxy: Proxy(), setWindowRect: true, strictFileInteractability: false, timeouts: {implicit: 0, pageLoad: 300000, script: 30000}, unhandledPromptBehavior: dismiss and notify, webauthn:extension:largeBlob: true, webauthn:virtualAuthenticators: true}
Session ID: 7658718e4a0580a2eba17270334db67e
*** Element info: {Using=id, value=company-company_name}]]>
            </message>
            <full-stacktrace>
              <![CDATA[org.openqa.selenium.NoSuchElementException: no such element: Unable to locate element: {"method":"css selector","selector":"#company\-company_name"}
  (Session info: chrome=90.0.4430.212)
For documentation on this error, please visit: https://www.seleniumhq.org/exceptions/no_such_element.html
Build info: version: '3.141.59', revision: 'e82be7d358', time: '2018-11-14T08:17:03'
System info: host: 'DESKTOP-LEQJLJ7', ip: '192.168.43.59', os.name: 'Windows 10', os.arch: 'amd64', os.version: '10.0', java.version: '1.8.0_261'
Driver info: org.openqa.selenium.chrome.ChromeDriver
Capabilities {acceptInsecureCerts: false, browserName: chrome, browserVersion: 90.0.4430.212, chrome: {chromedriverVersion: 89.0.4389.23 (61b08ee2c5002..., userDataDir: C:\Users\amal\AppData\Local...}, goog:chromeOptions: {debuggerAddress: localhost:52491}, javascriptEnabled: true, networkConnectionEnabled: false, pageLoadStrategy: normal, platform: WINDOWS, platformName: WINDOWS, proxy: Proxy(), setWindowRect: true, strictFileInteractability: false, timeouts: {implicit: 0, pageLoad: 300000, script: 30000}, unhandledPromptBehavior: dismiss and notify, webauthn:extension:largeBlob: true, webauthn:virtualAuthenticators: true}
Session ID: 7658718e4a0580a2eba17270334db67e
*** Element info: {Using=id, value=company-company_name}
at sun.reflect.NativeConstructorAccessorImpl.newInstance0(Native Method)
at sun.reflect.NativeConstructorAccessorImpl.newInstance(NativeConstructorAccessorImpl.java:62)
at sun.reflect.DelegatingConstructorAccessorImpl.newInstance(DelegatingConstructorAccessorImpl.java:45)
at java.lang.reflect.Constructor.newInstance(Constructor.java:423)
at org.openqa.selenium.remote.http.W3CHttpResponseCodec.createException(W3CHttpResponseCodec.java:187)
at org.openqa.selenium.remote.http.W3CHttpResponseCodec.decode(W3CHttpResponseCodec.java:122)
at org.openqa.selenium.remote.http.W3CHttpResponseCodec.decode(W3CHttpResponseCodec.java:49)
at org.openqa.selenium.remote.HttpCommandExecutor.execute(HttpCommandExecutor.java:158)
at org.openqa.selenium.remote.service.DriverCommandExecutor.execute(DriverCommandExecutor.java:83)
at org.openqa.selenium.remote.RemoteWebDriver.execute(RemoteWebDriver.java:552)
at org.openqa.selenium.remote.RemoteWebDriver.findElement(RemoteWebDriver.java:323)
at org.openqa.selenium.remote.RemoteWebDriver.findElementById(RemoteWebDriver.java:372)
at org.openqa.selenium.By$ById.findElement(By.java:188)
at org.openqa.selenium.remote.RemoteWebDriver.findElement(RemoteWebDriver.java:315)
at org.openqa.selenium.support.pagefactory.DefaultElementLocator.findElement(DefaultElementLocator.java:69)
at org.openqa.selenium.support.pagefactory.internal.LocatingElementHandler.invoke(LocatingElementHandler.java:38)
at com.sun.proxy.$Proxy9.clear(Unknown Source)
at pages.CompanyPage.enterCompanyName(CompanyPage.java:40)
at test_script.CompanyTest.verifyCompanyPage(CompanyTest.java:35)
at sun.reflect.NativeMethodAccessorImpl.invoke0(Native Method)
at sun.reflect.NativeMethodAccessorImpl.invoke(NativeMethodAccessorImpl.java:62)
at sun.reflect.DelegatingMethodAccessorImpl.invoke(DelegatingMethodAccessorImpl.java:43)
at java.lang.reflect.Method.invoke(Method.java:498)
at org.testng.internal.MethodInvocationHelper.invokeMethod(MethodInvocationHelper.java:124)
at org.testng.internal.Invoker.invokeMethod(Invoker.java:583)
at org.testng.internal.Invoker.invokeTestMethod(Invoker.java:719)
at org.testng.internal.Invoker.invokeTestMethods(Invoker.java:989)
at org.testng.internal.TestMethodWorker.invokeTestMethods(TestMethodWorker.java:125)
at org.testng.internal.TestMethodWorker.run(TestMethodWorker.java:109)
at java.util.concurrent.ThreadPoolExecutor.runWorker(ThreadPoolExecutor.java:1149)
at java.util.concurrent.ThreadPoolExecutor$Worker.run(ThreadPoolExecutor.java:624)
at java.lang.Thread.run(Thread.java:748)
]]>
            </full-stacktrace>
          </exception> <!-- org.openqa.selenium.NoSuchElementException -->
          <reporter-output>
          </reporter-output>
        </test-method> <!-- verifyCompanyPage -->
        <test-method status="PASS" signature="browserClose(org.testng.ITestResult)[pri:0, instance:test_script.CompanyTest@39c0f4a]" name="browserClose" is-config="true" duration-ms="1219" started-at="2021-05-15T08:09:51Z" finished-at="2021-05-15T08:09:52Z">
          <params>
            <param index="0">
              <value>
                <![CDATA[[TestResult name=verifyCompanyPage status=FAILURE method=CompanyTest.verifyCompanyPage()[pri:0, instance:test_script.CompanyTest@39c0f4a] output={null}]]]>
              </value>
            </param>
          </params>
          <reporter-output>
          </reporter-output>
        </test-method> <!-- browserClose -->
        <test-method status="PASS" signature="browserLaunch()[pri:0, instance:test_script.CompanyTest@39c0f4a]" name="browserLaunch" is-config="true" duration-ms="9086" started-at="2021-05-15T08:09:52Z" finished-at="2021-05-15T08:10:01Z">
          <reporter-output>
          </reporter-output>
        </test-method> <!-- browserLaunch -->
        <test-method status="FAIL" signature="verifyCompanyPageTitle()[pri:0, instance:test_script.CompanyTest@39c0f4a]" name="verifyCompanyPageTitle" duration-ms="5401" started-at="2021-05-15T08:10:01Z" finished-at="2021-05-15T08:10:06Z">
          <exception class="java.lang.AssertionError">
            <message>
              <![CDATA[invalid Title expected [Company] but found [Forbidden (#403)]]]>
            </message>
            <full-stacktrace>
              <![CDATA[java.lang.AssertionError: invalid Title expected [Company] but found [Forbidden (#403)]
at org.testng.Assert.fail(Assert.java:96)
at org.testng.Assert.failNotEquals(Assert.java:776)
at org.testng.Assert.assertEqualsImpl(Assert.java:137)
at org.testng.Assert.assertEquals(Assert.java:118)
at org.testng.Assert.assertEquals(Assert.java:453)
at test_script.CompanyTest.verifyCompanyPageTitle(CompanyTest.java:25)
at sun.reflect.NativeMethodAccessorImpl.invoke0(Native Method)
at sun.reflect.NativeMethodAccessorImpl.invoke(NativeMethodAccessorImpl.java:62)
at sun.reflect.DelegatingMethodAccessorImpl.invoke(DelegatingMethodAccessorImpl.java:43)
at java.lang.reflect.Method.invoke(Method.java:498)
at org.testng.internal.MethodInvocationHelper.invokeMethod(MethodInvocationHelper.java:124)
at org.testng.internal.Invoker.invokeMethod(Invoker.java:583)
at org.testng.internal.Invoker.invokeTestMethod(Invoker.java:719)
at org.testng.internal.Invoker.invokeTestMethods(Invoker.java:989)
at org.testng.internal.TestMethodWorker.invokeTestMethods(TestMethodWorker.java:125)
at org.testng.internal.TestMethodWorker.run(TestMethodWorker.java:109)
at java.util.concurrent.ThreadPoolExecutor.runWorker(ThreadPoolExecutor.java:1149)
at java.util.concurrent.ThreadPoolExecutor$Worker.run(ThreadPoolExecutor.java:624)
at java.lang.Thread.run(Thread.java:748)
]]>
            </full-stacktrace>
          </exception> <!-- java.lang.AssertionError -->
          <reporter-output>
          </reporter-output>
        </test-method> <!-- verifyCompanyPageTitle -->
        <test-method status="PASS" signature="browserClose(org.testng.ITestResult)[pri:0, instance:test_script.CompanyTest@39c0f4a]" name="browserClose" is-config="true" duration-ms="1350" started-at="2021-05-15T08:10:06Z" finished-at="2021-05-15T08:10:08Z">
          <params>
            <param index="0">
              <value>
                <![CDATA[[TestResult name=verifyCompanyPageTitle status=FAILURE method=CompanyTest.verifyCompanyPageTitle()[pri:0, instance:test_script.CompanyTest@39c0f4a] output={null}]]]>
              </value>
            </param>
          </params>
          <reporter-output>
          </reporter-output>
        </test-method> <!-- browserClose -->
      </class> <!-- test_script.CompanyTest -->
      <class name="test_script.DashboardTest">
        <test-method status="PASS" signature="browserLaunch()[pri:0, instance:test_script.DashboardTest@7d9d1a19]" name="browserLaunch" is-config="true" duration-ms="7176" started-at="2021-05-15T08:09:25Z" finished-at="2021-05-15T08:09:33Z">
          <reporter-output>
          </reporter-output>
        </test-method> <!-- browserLaunch -->
        <test-method status="PASS" signature="verifyCompanyMenuClick()[pri:0, instance:test_script.DashboardTest@7d9d1a19]" name="verifyCompanyMenuClick" duration-ms="4999" started-at="2021-05-15T08:09:33Z" finished-at="2021-05-15T08:09:38Z">
          <reporter-output>
          </reporter-output>
        </test-method> <!-- verifyCompanyMenuClick -->
        <test-method status="PASS" signature="browserClose(org.testng.ITestResult)[pri:0, instance:test_script.DashboardTest@7d9d1a19]" name="browserClose" is-config="true" duration-ms="780" started-at="2021-05-15T08:09:38Z" finished-at="2021-05-15T08:09:38Z">
          <params>
            <param index="0">
              <value>
                <![CDATA[[TestResult name=verifyCompanyMenuClick status=SUCCESS method=DashboardTest.verifyCompanyMenuClick()[pri:0, instance:test_script.DashboardTest@7d9d1a19] output={null}]]]>
              </value>
            </param>
          </params>
          <reporter-output>
          </reporter-output>
        </test-method> <!-- browserClose -->
      </class> <!-- test_script.DashboardTest -->
      <class name="test_script.LoginTest">
        <test-method status="PASS" signature="browserLaunch()[pri:0, instance:test_script.LoginTest@4883b407]" name="browserLaunch" is-config="true" duration-ms="19376" started-at="2021-05-15T08:09:05Z" finished-at="2021-05-15T08:09:24Z">
          <reporter-output>
          </reporter-output>
        </test-method> <!-- browserLaunch -->
        <test-method status="PASS" signature="verifyLoginPageTitle()[pri:0, instance:test_script.LoginTest@4883b407]" name="verifyLoginPageTitle" duration-ms="181" started-at="2021-05-15T08:09:24Z" finished-at="2021-05-15T08:09:24Z">
          <reporter-output>
          </reporter-output>
        </test-method> <!-- verifyLoginPageTitle -->
        <test-method status="PASS" signature="browserClose(org.testng.ITestResult)[pri:0, instance:test_script.LoginTest@4883b407]" name="browserClose" is-config="true" duration-ms="1290" started-at="2021-05-15T08:09:24Z" finished-at="2021-05-15T08:09:25Z">
          <params>
            <param index="0">
              <value>
                <![CDATA[[TestResult name=verifyLoginPageTitle status=SUCCESS method=LoginTest.verifyLoginPageTitle()[pri:0, instance:test_script.LoginTest@4883b407] output={null}]]]>
              </value>
            </param>
          </params>
          <reporter-output>
          </reporter-output>
        </test-method> <!-- browserClose -->
      </class> <!-- test_script.LoginTest -->
    </test> <!-- DemoTest -->
  </suite> <!-- DemoSuite -->
</testng-results>
